<?xml version="1.0" encoding="UTF-8"?>
<!-- Generated by org.testng.reporters.JUnitReportReporter -->
<testsuite skipped="0" hostname="Bakis-MBP.fios-router.home" name="TestNGRunnerClass.TestNGRunner$TestNgRunner" tests="1" failures="0" timestamp="05 Jun 2018 18:05:30 GMT" time="0.030" errors="0">
  <testcase name="feature" time="0.030" classname="TestNGRunnerClass.TestNGRunner$TestNgRunner"/>
</testsuite> <!-- TestNGRunnerClass.TestNGRunner$TestNgRunner -->
