<?xml version="1.0" encoding="UTF-8"?>
<!-- Generated by org.testng.reporters.JUnitReportReporter -->
<testsuite skipped="0" hostname="Bakis-MBP.fios-router.home" name="TestNGRunnerClass.TestNgRunner" tests="1" failures="0" timestamp="05 Jun 2018 19:12:36 GMT" time="4.259" errors="0">
  <testcase name="feature" time="4.259" classname="TestNGRunnerClass.TestNgRunner"/>
</testsuite> <!-- TestNGRunnerClass.TestNgRunner -->
