<?xml version="1.0" encoding="UTF-8"?>
<!-- Generated by org.testng.reporters.JUnitReportReporter -->
<testsuite skipped="0" hostname="Bakis-MacBook-Pro.local" name="com.hrm.testrunner.TestRunner$LoginRunner" tests="1" failures="0" timestamp="20 Jun 2018 20:21:00 GMT" time="5.289" errors="0">
  <testcase name="feature" time="5.289" classname="com.hrm.testrunner.TestRunner$LoginRunner"/>
</testsuite> <!-- com.hrm.testrunner.TestRunner$LoginRunner -->
