<?xml version="1.0" encoding="UTF-8"?>
<!-- Generated by org.testng.reporters.JUnitReportReporter -->
<testsuite skipped="0" hostname="Bakis-MacBook-Pro.local" name="com.hrm.testrunner.TestRunner$LoginRunner" tests="1" failures="0" timestamp="22 Jun 2018 21:05:49 GMT" time="11.652" errors="0">
  <testcase name="feature" time="11.652" classname="com.hrm.testrunner.TestRunner$LoginRunner"/>
</testsuite> <!-- com.hrm.testrunner.TestRunner$LoginRunner -->
